
*** Running vivado
    with args -log main.vdi -applog -m64 -product Vivado -messageDb vivado.pb -mode batch -source main.tcl -notrace



****** Vivado v2025.2 (64-bit)
  **** SW Build 6299465 on Fri Nov 14 19:35:11 GMT 2025
  **** IP Build 6300035 on Fri Nov 14 10:48:45 MST 2025
  **** SharedData Build 6298862 on Thu Nov 13 04:50:51 MST 2025
  **** Start of session at: Sun Mar 29 10:39:38 2026
    ** Copyright 1986-2022 Xilinx, Inc. All Rights Reserved.
    ** Copyright 2022-2025 Advanced Micro Devices, Inc. All Rights Reserved.

source main.tcl -notrace
create_project: Time (s): cpu = 00:00:12 ; elapsed = 00:00:07 . Memory (MB): peak = 571.953 ; gain = 222.629
Command: link_design -top main -part xc7z020clg484-1
Design is defaulting to srcset: sources_1
Design is defaulting to constrset: constrs_1
INFO: [Device 21-403] Loading part xc7z020clg484-1
Netlist sorting complete. Time (s): cpu = 00:00:00 ; elapsed = 00:00:00.189 . Memory (MB): peak = 860.191 ; gain = 0.000
INFO: [Netlist 29-17] Analyzing 15560 Unisim elements for replacement
INFO: [Netlist 29-28] Unisim Transformation completed in 0 CPU seconds
INFO: [Project 1-479] Netlist was created with Vivado 2025.2
INFO: [Project 1-570] Preparing netlist for logic optimization
Parsing XDC File [C:/Users/ASUS/Documents/verilog_ecg/verilog_ecg.srcs/constrs_1/new/zedboard.xdc]
Finished Parsing XDC File [C:/Users/ASUS/Documents/verilog_ecg/verilog_ecg.srcs/constrs_1/new/zedboard.xdc]
INFO: [Opt 31-138] Pushed 0 inverter(s) to 0 load pin(s).
Netlist sorting complete. Time (s): cpu = 00:00:00 ; elapsed = 00:00:00.012 . Memory (MB): peak = 1037.352 ; gain = 0.000
INFO: [Project 1-111] Unisim Transformation Summary:
No Unisim elements were transformed.

7 Infos, 0 Warnings, 0 Critical Warnings and 0 Errors encountered.
link_design completed successfully
link_design: Time (s): cpu = 00:00:11 ; elapsed = 00:00:12 . Memory (MB): peak = 1037.352 ; gain = 465.398
Command: opt_design
Attempting to get a license for feature 'Implementation' and/or device 'xc7z020'
INFO: [Common 17-349] Got license for feature 'Implementation' and/or device 'xc7z020'
Running DRC as a precondition to command opt_design

Starting DRC Task
INFO: [DRC 23-27] Running DRC with 2 threads
INFO: [Project 1-461] DRC finished with 0 Errors
INFO: [Project 1-462] Please refer to the DRC report (report_drc) for more information.

Time (s): cpu = 00:00:02 ; elapsed = 00:00:01 . Memory (MB): peak = 1044.305 ; gain = 6.953

Starting Cache Timing Information Task
INFO: [Timing 38-35] Done setting XDC timing constraints.
Ending Cache Timing Information Task | Checksum: d99fc888

Time (s): cpu = 00:00:07 ; elapsed = 00:00:07 . Memory (MB): peak = 1612.875 ; gain = 568.570

Starting Logic Optimization Task

Phase 1 Initialization

Phase 1.1 Core Generation And Design Setup
Phase 1.1 Core Generation And Design Setup | Checksum: d99fc888

Time (s): cpu = 00:00:00 ; elapsed = 00:00:00.020 . Memory (MB): peak = 2073.871 ; gain = 0.000

Phase 1.2 Setup Constraints And Sort Netlist
Phase 1.2 Setup Constraints And Sort Netlist | Checksum: d99fc888

Time (s): cpu = 00:00:00 ; elapsed = 00:00:00.045 . Memory (MB): peak = 2073.871 ; gain = 0.000
Phase 1 Initialization | Checksum: d99fc888

Time (s): cpu = 00:00:00 ; elapsed = 00:00:00.050 . Memory (MB): peak = 2073.871 ; gain = 0.000

Phase 2 Timer Update And Timing Data Collection

Phase 2.1 Detect if minReqCache needed
Phase 2.1 Detect if minReqCache needed | Checksum: d99fc888

Time (s): cpu = 00:00:00 ; elapsed = 00:00:00.076 . Memory (MB): peak = 2073.871 ; gain = 0.000

Phase 2.2 Timer Update
Phase 2.2 Timer Update | Checksum: d99fc888

Time (s): cpu = 00:00:01 ; elapsed = 00:00:00.936 . Memory (MB): peak = 2073.871 ; gain = 0.000

Phase 2.3 Timing Data Collection
Phase 2.3 Timing Data Collection | Checksum: d99fc888

Time (s): cpu = 00:00:01 ; elapsed = 00:00:00.954 . Memory (MB): peak = 2073.871 ; gain = 0.000
Phase 2 Timer Update And Timing Data Collection | Checksum: d99fc888

Time (s): cpu = 00:00:01 ; elapsed = 00:00:00.959 . Memory (MB): peak = 2073.871 ; gain = 0.000

Phase 3 Retarget
INFO: [Opt 31-1851] Number of loadless carry chains removed were: 0
INFO: [Opt 31-1834] Total Chains To Be Transformed Were: 0 AND Number of Transformed insts Created are: 0
INFO: [Opt 31-1566] Pulled 1 inverters resulting in an inversion of 85 pins
INFO: [Opt 31-138] Pushed 1 inverter(s) to 1 load pin(s).
INFO: [Opt 31-49] Retargeted 0 cell(s).
Phase 3 Retarget | Checksum: 180d8c87b

Time (s): cpu = 00:00:02 ; elapsed = 00:00:02 . Memory (MB): peak = 2073.871 ; gain = 0.000
Retarget | Checksum: 180d8c87b
INFO: [Opt 31-389] Phase Retarget created 0 cells and removed 1 cells

Phase 4 Constant propagation
INFO: [Opt 31-138] Pushed 0 inverter(s) to 0 load pin(s).
Phase 4 Constant propagation | Checksum: 2205fcf0b

Time (s): cpu = 00:00:02 ; elapsed = 00:00:02 . Memory (MB): peak = 2073.871 ; gain = 0.000
Constant propagation | Checksum: 2205fcf0b
INFO: [Opt 31-389] Phase Constant propagation created 0 cells and removed 0 cells

Phase 5 Sweep
INFO: [Constraints 18-11670] Building netlist checker database with flags, 0x8
Done building netlist checker database: Time (s): cpu = 00:00:00 ; elapsed = 00:00:00.010 . Memory (MB): peak = 2073.871 ; gain = 0.000
Phase 5 Sweep | Checksum: 2536234fb

Time (s): cpu = 00:00:02 ; elapsed = 00:00:02 . Memory (MB): peak = 2073.871 ; gain = 0.000
Sweep | Checksum: 2536234fb
INFO: [Opt 31-389] Phase Sweep created 0 cells and removed 45 cells

Phase 6 BUFG optimization
Phase 6 BUFG optimization | Checksum: 2536234fb

Time (s): cpu = 00:00:03 ; elapsed = 00:00:03 . Memory (MB): peak = 2073.871 ; gain = 0.000
BUFG optimization | Checksum: 2536234fb
INFO: [Opt 31-662] Phase BUFG optimization created 0 cells of which 0 are BUFGs and removed 0 cells.

Phase 7 Shift Register Optimization
INFO: [Opt 31-1064] SRL Remap converted 0 SRLs to 0 registers and converted 0 registers of register chains to 0 SRLs
Phase 7 Shift Register Optimization | Checksum: 2536234fb

Time (s): cpu = 00:00:03 ; elapsed = 00:00:03 . Memory (MB): peak = 2073.871 ; gain = 0.000
Shift Register Optimization | Checksum: 2536234fb
INFO: [Opt 31-389] Phase Shift Register Optimization created 0 cells and removed 0 cells

Phase 8 Post Processing Netlist
Phase 8 Post Processing Netlist | Checksum: 2536234fb

Time (s): cpu = 00:00:03 ; elapsed = 00:00:03 . Memory (MB): peak = 2073.871 ; gain = 0.000
Post Processing Netlist | Checksum: 2536234fb
INFO: [Opt 31-389] Phase Post Processing Netlist created 0 cells and removed 0 cells

Phase 9 Finalization

Phase 9.1 Finalizing Design Cores and Updating Shapes
Phase 9.1 Finalizing Design Cores and Updating Shapes | Checksum: 149b05324

Time (s): cpu = 00:00:04 ; elapsed = 00:00:03 . Memory (MB): peak = 2073.871 ; gain = 0.000

Phase 9.2 Verifying Netlist Connectivity

Starting Connectivity Check Task

Time (s): cpu = 00:00:00 ; elapsed = 00:00:00.108 . Memory (MB): peak = 2073.871 ; gain = 0.000
Phase 9.2 Verifying Netlist Connectivity | Checksum: 149b05324

Time (s): cpu = 00:00:04 ; elapsed = 00:00:03 . Memory (MB): peak = 2073.871 ; gain = 0.000
Phase 9 Finalization | Checksum: 149b05324

Time (s): cpu = 00:00:04 ; elapsed = 00:00:03 . Memory (MB): peak = 2073.871 ; gain = 0.000
Opt_design Change Summary
=========================


-------------------------------------------------------------------------------------------------------------------------
|  Phase                        |  #Cells created  |  #Cells Removed  |  #Constrained objects preventing optimizations  |
-------------------------------------------------------------------------------------------------------------------------
|  Retarget                     |               0  |               1  |                                              0  |
|  Constant propagation         |               0  |               0  |                                              0  |
|  Sweep                        |               0  |              45  |                                              0  |
|  BUFG optimization            |               0  |               0  |                                              0  |
|  Shift Register Optimization  |               0  |               0  |                                              0  |
|  Post Processing Netlist      |               0  |               0  |                                              0  |
-------------------------------------------------------------------------------------------------------------------------


Ending Logic Optimization Task | Checksum: 149b05324

Time (s): cpu = 00:00:04 ; elapsed = 00:00:03 . Memory (MB): peak = 2073.871 ; gain = 0.000

Starting Power Optimization Task
INFO: [Pwropt 34-132] Skipping clock gating for clocks with a period < 2.00 ns.
INFO: [Pwropt 34-9] Applying IDT optimizations ...
INFO: [Pwropt 34-10] Applying ODC optimizations ...
INFO: [Timing 38-35] Done setting XDC timing constraints.
Running Vector-less Activity Propagation...

Finished Running Vector-less Activity Propagation


Starting PowerOpt Patch Enables Task
INFO: [Pwropt 34-162] WRITE_MODE attribute of 0 BRAM(s) out of a total of 4 has been updated to save power. Run report_power_opt to get a complete listing of the BRAMs updated.
INFO: [Pwropt 34-201] Structural ODC has moved 0 WE to EN ports
Number of BRAM Ports augmented: 0 newly gated: 0 Total Ports: 8
Ending PowerOpt Patch Enables Task | Checksum: 149b05324

Time (s): cpu = 00:00:00 ; elapsed = 00:00:00.099 . Memory (MB): peak = 2073.871 ; gain = 0.000
Ending Power Optimization Task | Checksum: 149b05324

Time (s): cpu = 00:00:18 ; elapsed = 00:00:10 . Memory (MB): peak = 2073.871 ; gain = 0.000

Starting Final Cleanup Task
Ending Final Cleanup Task | Checksum: 149b05324

Time (s): cpu = 00:00:00 ; elapsed = 00:00:00.007 . Memory (MB): peak = 2073.871 ; gain = 0.000
Netlist sorting complete. Time (s): cpu = 00:00:00 ; elapsed = 00:00:00.011 . Memory (MB): peak = 2073.871 ; gain = 0.000
INFO: [Common 17-83] Releasing license: Implementation
33 Infos, 0 Warnings, 0 Critical Warnings and 0 Errors encountered.
opt_design completed successfully
opt_design: Time (s): cpu = 00:00:35 ; elapsed = 00:00:26 . Memory (MB): peak = 2073.871 ; gain = 1036.520
INFO: [Vivado 12-24828] Executing command : report_drc -file main_drc_opted.rpt -pb main_drc_opted.pb -rpx main_drc_opted.rpx
Command: report_drc -file main_drc_opted.rpt -pb main_drc_opted.pb -rpx main_drc_opted.rpx
INFO: [IP_Flow 19-234] Refreshing IP repositories
INFO: [IP_Flow 19-1704] No user IP repositories specified
INFO: [IP_Flow 19-2313] Loaded Vivado IP repository 'F:/Vivado/2025.2/Vivado/data/ip'.
INFO: [DRC 23-27] Running DRC with 2 threads
INFO: [Vivado_Tcl 2-168] The results of DRC are in file C:/Users/ASUS/Documents/verilog_ecg/verilog_ecg.runs/impl_1/main_drc_opted.rpt.
report_drc completed successfully
INFO: [Timing 38-480] Writing timing data to binary archive.
Wrote PlaceDB: Time (s): cpu = 00:00:00 ; elapsed = 00:00:00 . Memory (MB): peak = 2073.871 ; gain = 0.000
Wrote PulsedLatchDB: Time (s): cpu = 00:00:00 ; elapsed = 00:00:00 . Memory (MB): peak = 2073.871 ; gain = 0.000
Writing XDEF routing.
Writing XDEF routing logical nets.
Writing XDEF routing special nets.
Wrote RouteStorage: Time (s): cpu = 00:00:01 ; elapsed = 00:00:00.059 . Memory (MB): peak = 2073.871 ; gain = 0.000
Wrote PlaceStorage: Time (s): cpu = 00:00:00 ; elapsed = 00:00:00.001 . Memory (MB): peak = 2073.871 ; gain = 0.000
Wrote Netlist Cache: Time (s): cpu = 00:00:00 ; elapsed = 00:00:00 . Memory (MB): peak = 2073.871 ; gain = 0.000
Wrote Device Cache: Time (s): cpu = 00:00:00 ; elapsed = 00:00:00.014 . Memory (MB): peak = 2073.871 ; gain = 0.000
Write Physdb Complete: Time (s): cpu = 00:00:01 ; elapsed = 00:00:00.083 . Memory (MB): peak = 2073.871 ; gain = 0.000
Write ShapeDB Complete: Time (s): cpu = 00:00:01 ; elapsed = 00:00:00.215 . Memory (MB): peak = 2073.871 ; gain = 0.000
INFO: [Common 17-1381] The checkpoint 'C:/Users/ASUS/Documents/verilog_ecg/verilog_ecg.runs/impl_1/main_opt.dcp' has been generated.
Command: place_design
Attempting to get a license for feature 'Implementation' and/or device 'xc7z020'
INFO: [Common 17-349] Got license for feature 'Implementation' and/or device 'xc7z020'
INFO: [Common 17-83] Releasing license: Implementation
INFO: [DRC 23-27] Running DRC with 2 threads
INFO: [Vivado_Tcl 4-198] DRC finished with 0 Errors
INFO: [Vivado_Tcl 4-199] Please refer to the DRC report (report_drc) for more information.
INFO: [Timing 38-35] Done setting XDC timing constraints.
Running DRC as a precondition to command place_design
INFO: [DRC 23-27] Running DRC with 2 threads
INFO: [Vivado_Tcl 4-198] DRC finished with 0 Errors, 2 Warnings
INFO: [Vivado_Tcl 4-199] Please refer to the DRC report (report_drc) for more information.
INFO: [Place 30-611] Multithreading enabled for place_design using a maximum of 2 CPUs

Starting Placer Task

Phase 1 Placer Initialization

Phase 1.1 Placer Initialization Netlist Sorting
Netlist sorting complete. Time (s): cpu = 00:00:00 ; elapsed = 00:00:00.071 . Memory (MB): peak = 2073.871 ; gain = 0.000
Phase 1.1 Placer Initialization Netlist Sorting | Checksum: 13e0ea9c6

Time (s): cpu = 00:00:00 ; elapsed = 00:00:00.344 . Memory (MB): peak = 2073.871 ; gain = 0.000
Netlist sorting complete. Time (s): cpu = 00:00:00 ; elapsed = 00:00:00.013 . Memory (MB): peak = 2073.871 ; gain = 0.000

Phase 1.2 IO Placement/ Clock Placement/ Build Placer Device
Phase 1.2 IO Placement/ Clock Placement/ Build Placer Device | Checksum: 16183d1a6

Time (s): cpu = 00:00:03 ; elapsed = 00:00:07 . Memory (MB): peak = 2073.871 ; gain = 0.000

Phase 1.3 Build Placer Netlist Model
Phase 1.3 Build Placer Netlist Model | Checksum: 1d80aa529

Time (s): cpu = 00:00:15 ; elapsed = 00:00:21 . Memory (MB): peak = 2073.871 ; gain = 0.000

Phase 1.4 Constrain Clocks/Macros
Phase 1.4 Constrain Clocks/Macros | Checksum: 1d80aa529

Time (s): cpu = 00:00:15 ; elapsed = 00:00:21 . Memory (MB): peak = 2073.871 ; gain = 0.000
Phase 1 Placer Initialization | Checksum: 1d80aa529

Time (s): cpu = 00:00:15 ; elapsed = 00:00:22 . Memory (MB): peak = 2073.871 ; gain = 0.000

Phase 2 Global Placement

Phase 2.1 Floorplanning
Phase 2.1 Floorplanning | Checksum: 208f5deb1

Time (s): cpu = 00:00:24 ; elapsed = 00:00:28 . Memory (MB): peak = 2103.457 ; gain = 29.586

Phase 2.2 Update Timing before SLR Path Opt
Phase 2.2 Update Timing before SLR Path Opt | Checksum: 1d2eb8146

Time (s): cpu = 00:00:31 ; elapsed = 00:00:32 . Memory (MB): peak = 2103.457 ; gain = 29.586

Phase 2.3 Post-Processing in Floorplanning
Phase 2.3 Post-Processing in Floorplanning | Checksum: 1d2eb8146

Time (s): cpu = 00:00:31 ; elapsed = 00:00:32 . Memory (MB): peak = 2103.457 ; gain = 29.586

Phase 2.4 Global Place Phase1
Phase 2.4 Global Place Phase1 | Checksum: 186bc2ab0

Time (s): cpu = 00:02:05 ; elapsed = 00:01:34 . Memory (MB): peak = 2148.188 ; gain = 74.316

Phase 2.5 Global Place Phase2

Phase 2.5.1 UpdateTiming Before Physical Synthesis
Phase 2.5.1 UpdateTiming Before Physical Synthesis | Checksum: 17f70412c

Time (s): cpu = 00:02:18 ; elapsed = 00:01:42 . Memory (MB): peak = 2148.188 ; gain = 74.316

Phase 2.5.2 Physical Synthesis In Placer
INFO: [Physopt 32-1035] Found 20 LUTNM shape to break, 689 LUT instances to create LUTNM shape
INFO: [Physopt 32-1044] Break lutnm for timing: one critical 16, two critical 4, total 20, new lutff created 2
INFO: [Physopt 32-1138] End 1 Pass. Optimized 343 nets or LUTs. Breaked 20 LUTs, combined 323 existing LUTs and moved 0 existing LUT
INFO: [Physopt 32-1408] Pass 1. Identified 10 candidate nets for high-fanout optimization.
INFO: [Physopt 32-81] Processed net u_cnn_top/u_dense1/weight_idx[3]. Replicated 72 times.
INFO: [Physopt 32-81] Processed net u_cnn_top/u_dense1/weight_idx[0]. Replicated 72 times.
INFO: [Physopt 32-81] Processed net u_cnn_top/u_dense1/weight_idx[1]. Replicated 72 times.
INFO: [Physopt 32-81] Processed net u_cnn_top/u_dense1/weight_idx[2]. Replicated 72 times.
INFO: [Physopt 32-81] Processed net u_cnn_top/u_dense1/weight_idx[6]. Replicated 67 times.
INFO: [Physopt 32-81] Processed net u_cnn_top/u_dense1/weight_idx[4]. Replicated 72 times.
INFO: [Physopt 32-81] Processed net u_cnn_top/u_dense1/weight_idx[5]. Replicated 72 times.
INFO: [Physopt 32-81] Processed net u_cnn_top/u_dense1/weight_idx[7]. Replicated 16 times.
INFO: [Physopt 32-81] Processed net u_cnn_top/u_dense1/weight_idx[8]. Replicated 16 times.
INFO: [Physopt 32-81] Processed net u_cnn_top/u_dense1/weight_idx[9]. Replicated 7 times.
INFO: [Physopt 32-232] Optimized 10 nets. Created 538 new instances.
INFO: [Physopt 32-775] End 1 Pass. Optimized 10 nets or cells. Created 538 new cells, deleted 0 existing cell and moved 0 existing cell
Netlist sorting complete. Time (s): cpu = 00:00:00 ; elapsed = 00:00:00.225 . Memory (MB): peak = 2148.188 ; gain = 0.000
INFO: [Physopt 32-457] Pass 1. Identified 1 candidate cell for DSP register optimization.
INFO: [Physopt 32-665] Processed cell u_cnn_top/u_dense1/accumulator0. 8 registers were pushed out.
INFO: [Physopt 32-775] End 2 Pass. Optimized 1 net or cell. Created 8 new cells, deleted 0 existing cell and moved 0 existing cell
Netlist sorting complete. Time (s): cpu = 00:00:01 ; elapsed = 00:00:00.166 . Memory (MB): peak = 2148.188 ; gain = 0.000
INFO: [Physopt 32-1123] No candidate cells found for Shift Register to Pipeline optimization
INFO: [Physopt 32-775] End 2 Pass. Optimized 0 net or cell. Created 0 new cell, deleted 0 existing cell and moved 0 existing cell
INFO: [Physopt 32-1401] No candidate cells found for Shift Register optimization.
INFO: [Physopt 32-677] No candidate cells for Shift Register optimization found in the design
INFO: [Physopt 32-775] End 1 Pass. Optimized 0 net or cell. Created 0 new cell, deleted 0 existing cell and moved 0 existing cell
INFO: [Physopt 32-526] No candidate cells for BRAM register optimization found in the design
INFO: [Physopt 32-775] End 1 Pass. Optimized 0 net or cell. Created 0 new cell, deleted 0 existing cell and moved 0 existing cell
INFO: [Physopt 32-846] No candidate cells for URAM register optimization found in the design
INFO: [Physopt 32-775] End 1 Pass. Optimized 0 net or cell. Created 0 new cell, deleted 0 existing cell and moved 0 existing cell
INFO: [Physopt 32-846] No candidate cells for URAM register optimization found in the design
INFO: [Physopt 32-775] End 1 Pass. Optimized 0 net or cell. Created 0 new cell, deleted 0 existing cell and moved 0 existing cell
INFO: [Physopt 32-949] No candidate nets found for dynamic/static region interface net replication
INFO: [Physopt 32-775] End 1 Pass. Optimized 0 net or cell. Created 0 new cell, deleted 0 existing cell and moved 0 existing cell
Netlist sorting complete. Time (s): cpu = 00:00:00 ; elapsed = 00:00:00.011 . Memory (MB): peak = 2148.188 ; gain = 0.000

Summary of Physical Synthesis Optimizations
============================================


-----------------------------------------------------------------------------------------------------------------------------------------------------------
|  Optimization                                     |  Added Cells  |  Removed Cells  |  Optimized Cells/Nets  |  Dont Touch  |  Iterations  |  Elapsed   |
-----------------------------------------------------------------------------------------------------------------------------------------------------------
|  LUT Combining                                    |           20  |            323  |                   343  |           0  |           1  |  00:00:01  |
|  Retime                                           |            0  |              0  |                     0  |           0  |           1  |  00:00:00  |
|  Very High Fanout                                 |          538  |              0  |                    10  |           0  |           1  |  00:00:39  |
|  DSP Register                                     |            8  |              0  |                     1  |           0  |           1  |  00:00:01  |
|  Shift Register to Pipeline                       |            0  |              0  |                     0  |           0  |           1  |  00:00:00  |
|  Shift Register                                   |            0  |              0  |                     0  |           0  |           1  |  00:00:00  |
|  BRAM Register                                    |            0  |              0  |                     0  |           0  |           1  |  00:00:00  |
|  URAM Register                                    |            0  |              0  |                     0  |           0  |           1  |  00:00:00  |
|  Dynamic/Static Region Interface Net Replication  |            0  |              0  |                     0  |           0  |           1  |  00:00:00  |
|  Total                                            |          566  |            323  |                   354  |           0  |           9  |  00:00:41  |
-----------------------------------------------------------------------------------------------------------------------------------------------------------


Phase 2.5.2 Physical Synthesis In Placer | Checksum: 1e4eb74c3

Time (s): cpu = 00:03:03 ; elapsed = 00:02:28 . Memory (MB): peak = 2148.188 ; gain = 74.316
Phase 2.5 Global Place Phase2 | Checksum: 1837f8073

Time (s): cpu = 00:03:10 ; elapsed = 00:02:34 . Memory (MB): peak = 2148.188 ; gain = 74.316
Phase 2 Global Placement | Checksum: 1837f8073

Time (s): cpu = 00:03:10 ; elapsed = 00:02:34 . Memory (MB): peak = 2148.188 ; gain = 74.316

Phase 3 Detail Placement

Phase 3.1 Commit Multi Column Macros
Phase 3.1 Commit Multi Column Macros | Checksum: 20c05104a

Time (s): cpu = 00:03:18 ; elapsed = 00:02:39 . Memory (MB): peak = 2148.188 ; gain = 74.316

Phase 3.2 Commit Most Macros & LUTRAMs
Phase 3.2 Commit Most Macros & LUTRAMs | Checksum: 21b475355

Time (s): cpu = 00:03:30 ; elapsed = 00:02:46 . Memory (MB): peak = 2148.188 ; gain = 74.316

Phase 3.3 Area Swap Optimization
Phase 3.3 Area Swap Optimization | Checksum: 214e512b5

Time (s): cpu = 00:03:31 ; elapsed = 00:02:47 . Memory (MB): peak = 2148.188 ; gain = 74.316

Phase 3.4 Pipeline Register Optimization
Phase 3.4 Pipeline Register Optimization | Checksum: 22121512c

Time (s): cpu = 00:03:31 ; elapsed = 00:02:47 . Memory (MB): peak = 2148.188 ; gain = 74.316

Phase 3.5 Fast Optimization
Phase 3.5 Fast Optimization | Checksum: 24ac7da9a

Time (s): cpu = 00:03:57 ; elapsed = 00:03:07 . Memory (MB): peak = 2148.188 ; gain = 74.316

Phase 3.6 Small Shape Detail Placement
Phase 3.6 Small Shape Detail Placement | Checksum: 22a89c0b9

Time (s): cpu = 00:04:20 ; elapsed = 00:03:32 . Memory (MB): peak = 2148.188 ; gain = 74.316

Phase 3.7 Re-assign LUT pins
Phase 3.7 Re-assign LUT pins | Checksum: 1fe287349

Time (s): cpu = 00:04:27 ; elapsed = 00:03:39 . Memory (MB): peak = 2148.188 ; gain = 74.316

Phase 3.8 Pipeline Register Optimization
Phase 3.8 Pipeline Register Optimization | Checksum: 2435949de

Time (s): cpu = 00:04:27 ; elapsed = 00:03:39 . Memory (MB): peak = 2148.188 ; gain = 74.316

Phase 3.9 Fast Optimization
Phase 3.9 Fast Optimization | Checksum: 2de0cb171

Time (s): cpu = 00:05:08 ; elapsed = 00:04:08 . Memory (MB): peak = 2148.188 ; gain = 74.316
Phase 3 Detail Placement | Checksum: 2de0cb171

Time (s): cpu = 00:05:08 ; elapsed = 00:04:08 . Memory (MB): peak = 2148.188 ; gain = 74.316

Phase 4 Post Placement Optimization and Clean-Up

Phase 4.1 Post Commit Optimization
INFO: [Timing 38-35] Done setting XDC timing constraints.

Phase 4.1.1 Post Placement Optimization
Post Placement Optimization Initialization | Checksum: 298fd357d

Phase 4.1.1.1 BUFG Insertion

Starting Physical Synthesis Task

Phase 1 Physical Synthesis Initialization
INFO: [Physopt 32-721] Multithreading enabled for phys_opt_design using a maximum of 2 CPUs
INFO: [Physopt 32-619] Estimated Timing Summary | WNS=-0.615 | TNS=-0.615 |
Phase 1 Physical Synthesis Initialization | Checksum: 2297327ed

Time (s): cpu = 00:00:01 ; elapsed = 00:00:00.621 . Memory (MB): peak = 2169.160 ; gain = 0.000
INFO: [Place 46-33] Processed net u_cnn_top/u_conv3/SR[0], BUFG insertion was skipped due to placement/routing conflicts.
INFO: [Place 46-56] BUFG insertion identified 1 candidate nets. Inserted BUFG: 0, Replicated BUFG Driver: 0, Skipped due to Placement/Routing Conflicts: 1, Skipped due to Timing Degradation: 0, Skipped due to netlist editing failed: 0.
Ending Physical Synthesis Task | Checksum: 22410f718

Time (s): cpu = 00:00:02 ; elapsed = 00:00:02 . Memory (MB): peak = 2169.160 ; gain = 0.000
Phase 4.1.1.1 BUFG Insertion | Checksum: 298fd357d

Time (s): cpu = 00:05:27 ; elapsed = 00:04:22 . Memory (MB): peak = 2169.160 ; gain = 95.289

Phase 4.1.1.2 Post Placement Timing Optimization
INFO: [Place 30-746] Post Placement Timing Summary WNS=0.426. For the most accurate timing information please run report_timing.
Phase 4.1.1.2 Post Placement Timing Optimization | Checksum: 1b5fdb5c2

Time (s): cpu = 00:06:27 ; elapsed = 00:05:16 . Memory (MB): peak = 2171.918 ; gain = 98.047

Time (s): cpu = 00:06:27 ; elapsed = 00:05:16 . Memory (MB): peak = 2171.918 ; gain = 98.047
Phase 4.1 Post Commit Optimization | Checksum: 1b5fdb5c2

Time (s): cpu = 00:06:27 ; elapsed = 00:05:16 . Memory (MB): peak = 2171.918 ; gain = 98.047

Phase 4.2 Post Placement Cleanup
Phase 4.2 Post Placement Cleanup | Checksum: 1b5fdb5c2

Time (s): cpu = 00:06:28 ; elapsed = 00:05:17 . Memory (MB): peak = 2171.918 ; gain = 98.047

Phase 4.3 Placer Reporting

Phase 4.3.1 Print Estimated Congestion
INFO: [Place 30-612] Post-Placement Estimated Congestion 
 ____________________________________________________
|           | Global Congestion | Short Congestion  |
| Direction | Region Size       | Region Size       |
|___________|___________________|___________________|
|      North|                1x1|                2x2|
|___________|___________________|___________________|
|      South|                1x1|                1x1|
|___________|___________________|___________________|
|       East|                2x2|                2x2|
|___________|___________________|___________________|
|       West|                1x1|                1x1|
|___________|___________________|___________________|

Phase 4.3.1 Print Estimated Congestion | Checksum: 1b5fdb5c2

Time (s): cpu = 00:06:29 ; elapsed = 00:05:17 . Memory (MB): peak = 2171.918 ; gain = 98.047
Phase 4.3 Placer Reporting | Checksum: 1b5fdb5c2

Time (s): cpu = 00:06:29 ; elapsed = 00:05:18 . Memory (MB): peak = 2171.918 ; gain = 98.047

Phase 4.4 Final Placement Cleanup
Netlist sorting complete. Time (s): cpu = 00:00:00 ; elapsed = 00:00:00.014 . Memory (MB): peak = 2171.918 ; gain = 0.000

Time (s): cpu = 00:06:29 ; elapsed = 00:05:18 . Memory (MB): peak = 2171.918 ; gain = 98.047
Phase 4 Post Placement Optimization and Clean-Up | Checksum: 1641883c8

Time (s): cpu = 00:06:29 ; elapsed = 00:05:18 . Memory (MB): peak = 2171.918 ; gain = 98.047
Ending Placer Task | Checksum: 86ca7b08

Time (s): cpu = 00:06:29 ; elapsed = 00:05:18 . Memory (MB): peak = 2171.918 ; gain = 98.047
90 Infos, 0 Warnings, 0 Critical Warnings and 0 Errors encountered.
place_design completed successfully
place_design: Time (s): cpu = 00:06:33 ; elapsed = 00:05:22 . Memory (MB): peak = 2171.918 ; gain = 98.047
INFO: [Vivado 12-24838] Running report commands "report_control_sets, report_io, report_utilization" in parallel.
Running report generation with 2 threads.
INFO: [Vivado 12-24828] Executing command : report_io -file main_io_placed.rpt
report_io: Time (s): cpu = 00:00:00 ; elapsed = 00:00:00.201 . Memory (MB): peak = 2171.918 ; gain = 0.000
INFO: [Vivado 12-24828] Executing command : report_control_sets -verbose -file main_control_sets_placed.rpt
report_control_sets: Time (s): cpu = 00:00:01 ; elapsed = 00:00:00.106 . Memory (MB): peak = 2171.918 ; gain = 0.000
INFO: [Vivado 12-24828] Executing command : report_utilization -file main_utilization_placed.rpt -pb main_utilization_placed.pb
INFO: [Timing 38-480] Writing timing data to binary archive.
Wrote PlaceDB: Time (s): cpu = 00:00:00 ; elapsed = 00:00:00 . Memory (MB): peak = 2175.359 ; gain = 0.000
Wrote PulsedLatchDB: Time (s): cpu = 00:00:00 ; elapsed = 00:00:00 . Memory (MB): peak = 2175.359 ; gain = 0.000
Writing XDEF routing.
Writing XDEF routing logical nets.
Writing XDEF routing special nets.
Wrote RouteStorage: Time (s): cpu = 00:00:00 ; elapsed = 00:00:00.064 . Memory (MB): peak = 2180.016 ; gain = 4.516
Write ShapeDB Complete: Time (s): cpu = 00:00:01 ; elapsed = 00:00:00.222 . Memory (MB): peak = 2180.246 ; gain = 4.887
Wrote PlaceStorage: Time (s): cpu = 00:00:05 ; elapsed = 00:00:02 . Memory (MB): peak = 2182.605 ; gain = 2.590
Wrote Netlist Cache: Time (s): cpu = 00:00:00 ; elapsed = 00:00:00.076 . Memory (MB): peak = 2182.605 ; gain = 0.000
Wrote Device Cache: Time (s): cpu = 00:00:00 ; elapsed = 00:00:00.013 . Memory (MB): peak = 2182.605 ; gain = 0.000
Write Physdb Complete: Time (s): cpu = 00:00:05 ; elapsed = 00:00:03 . Memory (MB): peak = 2182.605 ; gain = 7.246
INFO: [Common 17-1381] The checkpoint 'C:/Users/ASUS/Documents/verilog_ecg/verilog_ecg.runs/impl_1/main_placed.dcp' has been generated.
Command: phys_opt_design
Attempting to get a license for feature 'Implementation' and/or device 'xc7z020'
INFO: [Common 17-349] Got license for feature 'Implementation' and/or device 'xc7z020'

Starting Initial Update Timing Task

Time (s): cpu = 00:00:13 ; elapsed = 00:00:10 . Memory (MB): peak = 2191.922 ; gain = 9.316
INFO: [Vivado_Tcl 4-2279] Estimated Timing Summary | WNS= 0.504 | TNS= 0.000 | 
INFO: [Vivado_Tcl 4-383] Design worst setup slack (WNS) is greater than or equal to 0.000 ns. All physical synthesis setup optimizations will be skipped.
INFO: [Vivado_Tcl 4-232] No setup violation found. The netlist was not modified.
INFO: [Common 17-83] Releasing license: Implementation
101 Infos, 0 Warnings, 0 Critical Warnings and 0 Errors encountered.
phys_opt_design completed successfully
phys_opt_design: Time (s): cpu = 00:00:14 ; elapsed = 00:00:10 . Memory (MB): peak = 2191.922 ; gain = 9.316
INFO: [Timing 38-480] Writing timing data to binary archive.
Wrote PlaceDB: Time (s): cpu = 00:00:00 ; elapsed = 00:00:00 . Memory (MB): peak = 2201.543 ; gain = 0.000
Wrote PulsedLatchDB: Time (s): cpu = 00:00:00 ; elapsed = 00:00:00 . Memory (MB): peak = 2201.543 ; gain = 0.000
Writing XDEF routing.
Writing XDEF routing logical nets.
Writing XDEF routing special nets.
Wrote RouteStorage: Time (s): cpu = 00:00:01 ; elapsed = 00:00:00.074 . Memory (MB): peak = 2205.285 ; gain = 3.742
Write ShapeDB Complete: Time (s): cpu = 00:00:02 ; elapsed = 00:00:00.245 . Memory (MB): peak = 2205.426 ; gain = 3.891
Wrote PlaceStorage: Time (s): cpu = 00:00:05 ; elapsed = 00:00:02 . Memory (MB): peak = 2207.785 ; gain = 2.500
Wrote Netlist Cache: Time (s): cpu = 00:00:00 ; elapsed = 00:00:00.084 . Memory (MB): peak = 2207.785 ; gain = 0.000
Wrote Device Cache: Time (s): cpu = 00:00:00 ; elapsed = 00:00:00.014 . Memory (MB): peak = 2207.785 ; gain = 0.000
Write Physdb Complete: Time (s): cpu = 00:00:06 ; elapsed = 00:00:03 . Memory (MB): peak = 2207.785 ; gain = 6.242
INFO: [Common 17-1381] The checkpoint 'C:/Users/ASUS/Documents/verilog_ecg/verilog_ecg.runs/impl_1/main_physopt.dcp' has been generated.
Command: route_design
Attempting to get a license for feature 'Implementation' and/or device 'xc7z020'
INFO: [Common 17-349] Got license for feature 'Implementation' and/or device 'xc7z020'


Starting Routing Task
INFO: [Route 35-254] Multithreading enabled for route_design using a maximum of 2 CPUs

Phase 1 Build RT Design
Checksum: PlaceDB: 22dbdf1e ConstDB: 0 ShapeSum: 4df528fa RouteDB: 15f972f0
Post Restoration Checksum: NetGraph: 263b6b19 | NumContArr: 3296d996 | Constraints: c2a8fa9d | Timing: c2a8fa9d
Phase 1 Build RT Design | Checksum: 1de2439e9

Time (s): cpu = 00:00:46 ; elapsed = 00:00:37 . Memory (MB): peak = 2251.172 ; gain = 43.387

Phase 2 Router Initialization

Phase 2.1 Fix Topology Constraints
Phase 2.1 Fix Topology Constraints | Checksum: 1de2439e9

Time (s): cpu = 00:00:47 ; elapsed = 00:00:37 . Memory (MB): peak = 2251.965 ; gain = 44.180

Phase 2.2 Pre Route Cleanup
Phase 2.2 Pre Route Cleanup | Checksum: 1de2439e9

Time (s): cpu = 00:00:47 ; elapsed = 00:00:37 . Memory (MB): peak = 2251.969 ; gain = 44.184
 Number of Nodes with overlaps = 0

Phase 2.3 Update Timing
Phase 2.3 Update Timing | Checksum: 28baa8b6b

Time (s): cpu = 00:01:07 ; elapsed = 00:00:51 . Memory (MB): peak = 2315.504 ; gain = 107.719
INFO: [Route 35-416] Intermediate Timing Summary | WNS=0.499  | TNS=0.000  | WHS=-0.144 | THS=-13.917|


Phase 2.4 Soft Constraint Pins - Fast Budgeting
Phase 2.4 Soft Constraint Pins - Fast Budgeting | Checksum: 2cee39c3c

Time (s): cpu = 00:01:13 ; elapsed = 00:00:55 . Memory (MB): peak = 2343.383 ; gain = 135.598

Router Utilization Summary
  Global Vertical Routing Utilization    = 0 %
  Global Horizontal Routing Utilization  = 0 %
  Routable Net Status*
  *Does not include unroutable nets such as driverless and loadless.
  Run report_route_status for detailed report.
  Number of Failed Nets               = 26807
    (Failed Nets is the sum of unrouted and partially routed nets)
  Number of Unrouted Nets             = 26807
  Number of Partially Routed Nets     = 0
  Number of Node Overlaps             = 0

Phase 2 Router Initialization | Checksum: 25d0bdfc0

Time (s): cpu = 00:01:14 ; elapsed = 00:00:56 . Memory (MB): peak = 2343.383 ; gain = 135.598

Phase 3 Global Routing
Phase 3 Global Routing | Checksum: 25d0bdfc0

Time (s): cpu = 00:01:14 ; elapsed = 00:00:56 . Memory (MB): peak = 2343.383 ; gain = 135.598

Phase 4 Initial Routing

Phase 4.1 Initial Net Routing Pass
Phase 4.1 Initial Net Routing Pass | Checksum: 2be4d1d53

Time (s): cpu = 00:01:40 ; elapsed = 00:01:10 . Memory (MB): peak = 2343.383 ; gain = 135.598
Phase 4 Initial Routing | Checksum: 2be4d1d53

Time (s): cpu = 00:01:40 ; elapsed = 00:01:10 . Memory (MB): peak = 2343.383 ; gain = 135.598

Phase 5 Rip-up And Reroute

Phase 5.1 Global Iteration 0
 Number of Nodes with overlaps = 22633
 Number of Nodes with overlaps = 6256
 Number of Nodes with overlaps = 1331
 Number of Nodes with overlaps = 205
 Number of Nodes with overlaps = 24
 Number of Nodes with overlaps = 8
 Number of Nodes with overlaps = 0
INFO: [Route 35-416] Intermediate Timing Summary | WNS=-0.127 | TNS=-0.475 | WHS=N/A    | THS=N/A    |

Phase 5.1 Global Iteration 0 | Checksum: 1fbf4ffb5

Time (s): cpu = 00:03:39 ; elapsed = 00:03:03 . Memory (MB): peak = 2352.117 ; gain = 144.332

Phase 5.2 Global Iteration 1
 Number of Nodes with overlaps = 1242
 Number of Nodes with overlaps = 816
 Number of Nodes with overlaps = 340
 Number of Nodes with overlaps = 106
 Number of Nodes with overlaps = 63
 Number of Nodes with overlaps = 20
 Number of Nodes with overlaps = 18
 Number of Nodes with overlaps = 12
 Number of Nodes with overlaps = 6
 Number of Nodes with overlaps = 2
 Number of Nodes with overlaps = 1
 Number of Nodes with overlaps = 1
 Number of Nodes with overlaps = 0
INFO: [Route 35-416] Intermediate Timing Summary | WNS=0.148  | TNS=0.000  | WHS=N/A    | THS=N/A    |

Phase 5.2 Global Iteration 1 | Checksum: 1d61cbed9

Time (s): cpu = 00:04:20 ; elapsed = 00:03:31 . Memory (MB): peak = 2352.117 ; gain = 144.332
Phase 5 Rip-up And Reroute | Checksum: 1d61cbed9

Time (s): cpu = 00:04:20 ; elapsed = 00:03:31 . Memory (MB): peak = 2352.117 ; gain = 144.332

Phase 6 Delay and Skew Optimization

Phase 6.1 Delay CleanUp
Phase 6.1 Delay CleanUp | Checksum: 1d61cbed9

Time (s): cpu = 00:04:20 ; elapsed = 00:03:32 . Memory (MB): peak = 2352.117 ; gain = 144.332

Phase 6.2 Clock Skew Optimization
Phase 6.2 Clock Skew Optimization | Checksum: 1d61cbed9

Time (s): cpu = 00:04:20 ; elapsed = 00:03:32 . Memory (MB): peak = 2352.117 ; gain = 144.332
Phase 6 Delay and Skew Optimization | Checksum: 1d61cbed9

Time (s): cpu = 00:04:20 ; elapsed = 00:03:32 . Memory (MB): peak = 2352.117 ; gain = 144.332

Phase 7 Post Hold Fix

Phase 7.1 Hold Fix Iter
INFO: [Route 35-416] Intermediate Timing Summary | WNS=0.182  | TNS=0.000  | WHS=0.037  | THS=0.000  |

Phase 7.1 Hold Fix Iter | Checksum: 2b4f0a761

Time (s): cpu = 00:04:23 ; elapsed = 00:03:33 . Memory (MB): peak = 2352.117 ; gain = 144.332
Phase 7 Post Hold Fix | Checksum: 2b4f0a761

Time (s): cpu = 00:04:23 ; elapsed = 00:03:33 . Memory (MB): peak = 2352.117 ; gain = 144.332

Phase 8 Route finalize

Router Utilization Summary
  Global Vertical Routing Utilization    = 10.1771 %
  Global Horizontal Routing Utilization  = 11.844 %
  Routable Net Status*
  *Does not include unroutable nets such as driverless and loadless.
  Run report_route_status for detailed report.
  Number of Failed Nets               = 0
    (Failed Nets is the sum of unrouted and partially routed nets)
  Number of Unrouted Nets             = 0
  Number of Partially Routed Nets     = 0
  Number of Node Overlaps             = 0

Phase 8 Route finalize | Checksum: 2b4f0a761

Time (s): cpu = 00:04:23 ; elapsed = 00:03:33 . Memory (MB): peak = 2352.117 ; gain = 144.332

Phase 9 Verifying routed nets

 Verification completed successfully
Phase 9 Verifying routed nets | Checksum: 2b4f0a761

Time (s): cpu = 00:04:23 ; elapsed = 00:03:34 . Memory (MB): peak = 2352.117 ; gain = 144.332

Phase 10 Depositing Routes
Phase 10 Depositing Routes | Checksum: 26d9e7930

Time (s): cpu = 00:04:33 ; elapsed = 00:03:42 . Memory (MB): peak = 2352.117 ; gain = 144.332

Phase 11 Post Process Routing
Phase 11 Post Process Routing | Checksum: 26d9e7930

Time (s): cpu = 00:04:33 ; elapsed = 00:03:42 . Memory (MB): peak = 2352.117 ; gain = 144.332

Phase 12 Post Router Timing
INFO: [Route 35-57] Estimated Timing Summary | WNS=0.182  | TNS=0.000  | WHS=0.037  | THS=0.000  |

INFO: [Route 35-327] The final timing numbers are based on the router estimated timing analysis. For a complete and accurate timing signoff, please run report_timing_summary.
Phase 12 Post Router Timing | Checksum: 26d9e7930

Time (s): cpu = 00:04:33 ; elapsed = 00:03:42 . Memory (MB): peak = 2352.117 ; gain = 144.332
Total Elapsed time in route_design: 222.116 secs

Phase 13 Post-Route Event Processing
Phase 13 Post-Route Event Processing | Checksum: 13c4cfada

Time (s): cpu = 00:04:33 ; elapsed = 00:03:43 . Memory (MB): peak = 2352.117 ; gain = 144.332
INFO: [Route 35-16] Router Completed Successfully
Ending Routing Task | Checksum: 13c4cfada

Time (s): cpu = 00:04:33 ; elapsed = 00:03:43 . Memory (MB): peak = 2352.117 ; gain = 144.332

Routing Is Done.
INFO: [Common 17-83] Releasing license: Implementation
113 Infos, 0 Warnings, 0 Critical Warnings and 0 Errors encountered.
route_design completed successfully
route_design: Time (s): cpu = 00:04:34 ; elapsed = 00:03:43 . Memory (MB): peak = 2352.117 ; gain = 144.332
INFO: [Vivado 12-24828] Executing command : report_drc -file main_drc_routed.rpt -pb main_drc_routed.pb -rpx main_drc_routed.rpx
Command: report_drc -file main_drc_routed.rpt -pb main_drc_routed.pb -rpx main_drc_routed.rpx
INFO: [IP_Flow 19-1839] IP Catalog is up to date.
INFO: [DRC 23-27] Running DRC with 2 threads
INFO: [Vivado_Tcl 2-168] The results of DRC are in file C:/Users/ASUS/Documents/verilog_ecg/verilog_ecg.runs/impl_1/main_drc_routed.rpt.
report_drc completed successfully
report_drc: Time (s): cpu = 00:00:11 ; elapsed = 00:00:07 . Memory (MB): peak = 2352.117 ; gain = 0.000
INFO: [Vivado 12-24828] Executing command : report_methodology -file main_methodology_drc_routed.rpt -pb main_methodology_drc_routed.pb -rpx main_methodology_drc_routed.rpx
Command: report_methodology -file main_methodology_drc_routed.rpt -pb main_methodology_drc_routed.pb -rpx main_methodology_drc_routed.rpx
INFO: [Timing 38-35] Done setting XDC timing constraints.
INFO: [DRC 23-133] Running Methodology with 2 threads
INFO: [Vivado_Tcl 2-1520] The results of Report Methodology are in file C:/Users/ASUS/Documents/verilog_ecg/verilog_ecg.runs/impl_1/main_methodology_drc_routed.rpt.
report_methodology completed successfully
report_drc: Time (s): cpu = 00:00:28 ; elapsed = 00:00:18 . Memory (MB): peak = 2352.117 ; gain = 0.000
INFO: [Vivado 12-24828] Executing command : report_timing_summary -max_paths 10 -routable_nets -report_unconstrained -file main_timing_summary_routed.rpt -pb main_timing_summary_routed.pb -rpx main_timing_summary_routed.rpx -warn_on_violation 
INFO: [Timing 38-35] Done setting XDC timing constraints.
INFO: [Timing 38-91] UpdateTimingParams: Speed grade: -1, Delay Type: min_max.
INFO: [Timing 38-191] Multithreading enabled for timing update using a maximum of 2 CPUs
INFO: [Vivado 12-24838] Running report commands "report_incremental_reuse, report_route_status" in parallel.
Running report generation with 2 threads.
INFO: [Vivado 12-24828] Executing command : report_incremental_reuse -file main_incremental_reuse_routed.rpt
INFO: [Vivado_Tcl 4-1062] Incremental flow is disabled. No incremental reuse Info to report.
INFO: [Vivado 12-24828] Executing command : report_route_status -file main_route_status.rpt -pb main_route_status.pb
INFO: [Vivado 12-24828] Executing command : report_power -file main_power_routed.rpt -pb main_power_summary_routed.pb -rpx main_power_routed.rpx
Command: report_power -file main_power_routed.rpt -pb main_power_summary_routed.pb -rpx main_power_routed.rpx
Running Vector-less Activity Propagation...

Finished Running Vector-less Activity Propagation
130 Infos, 0 Warnings, 0 Critical Warnings and 0 Errors encountered.
report_power completed successfully
report_power: Time (s): cpu = 00:00:30 ; elapsed = 00:00:19 . Memory (MB): peak = 2367.684 ; gain = 15.566
INFO: [Vivado 12-24828] Executing command : report_clock_utilization -file main_clock_utilization_routed.rpt
INFO: [Vivado 12-24828] Executing command : report_bus_skew -warn_on_violation -file main_bus_skew_routed.rpt -pb main_bus_skew_routed.pb -rpx main_bus_skew_routed.rpx
INFO: [Timing 38-91] UpdateTimingParams: Speed grade: -1, Delay Type: min_max.
INFO: [Timing 38-191] Multithreading enabled for timing update using a maximum of 2 CPUs
generate_parallel_reports: Time (s): cpu = 00:01:15 ; elapsed = 00:00:51 . Memory (MB): peak = 2367.684 ; gain = 15.566
INFO: [Timing 38-480] Writing timing data to binary archive.
Wrote PlaceDB: Time (s): cpu = 00:00:00 ; elapsed = 00:00:00 . Memory (MB): peak = 2377.910 ; gain = 0.000
Wrote PulsedLatchDB: Time (s): cpu = 00:00:00 ; elapsed = 00:00:00.001 . Memory (MB): peak = 2377.910 ; gain = 0.000
Writing XDEF routing.
Writing XDEF routing logical nets.
Write ShapeDB Complete: Time (s): cpu = 00:00:01 ; elapsed = 00:00:00.216 . Memory (MB): peak = 2385.840 ; gain = 8.117
Writing XDEF routing special nets.
Wrote RouteStorage: Time (s): cpu = 00:00:02 ; elapsed = 00:00:00.515 . Memory (MB): peak = 2388.113 ; gain = 10.203
Wrote PlaceStorage: Time (s): cpu = 00:00:03 ; elapsed = 00:00:02 . Memory (MB): peak = 2388.113 ; gain = 0.000
Wrote Netlist Cache: Time (s): cpu = 00:00:00 ; elapsed = 00:00:00.080 . Memory (MB): peak = 2388.113 ; gain = 0.000
Wrote Device Cache: Time (s): cpu = 00:00:00 ; elapsed = 00:00:00.013 . Memory (MB): peak = 2388.113 ; gain = 0.000
Write Physdb Complete: Time (s): cpu = 00:00:05 ; elapsed = 00:00:03 . Memory (MB): peak = 2388.113 ; gain = 10.391
INFO: [Common 17-1381] The checkpoint 'C:/Users/ASUS/Documents/verilog_ecg/verilog_ecg.runs/impl_1/main_routed.dcp' has been generated.
write_checkpoint: Time (s): cpu = 00:00:07 ; elapsed = 00:00:05 . Memory (MB): peak = 2388.113 ; gain = 20.430
Command: write_bitstream -force main.bit
Attempting to get a license for feature 'Implementation' and/or device 'xc7z020'
INFO: [Common 17-349] Got license for feature 'Implementation' and/or device 'xc7z020'
Running DRC as a precondition to command write_bitstream
INFO: [IP_Flow 19-1839] IP Catalog is up to date.
INFO: [DRC 23-27] Running DRC with 2 threads
INFO: [Vivado 12-3199] DRC finished with 0 Errors
INFO: [Vivado 12-3200] Please refer to the DRC report (report_drc) for more information.
Integrating Hard IP ELF/MEM with the PDI.
INFO: [Designutils 20-2272] Running write_bitstream with 2 threads.
Loading data files...
Loading site data...
Loading route data...
Processing options...
Creating bitmap...
Creating bitstream...
Bitstream compression saved 12345376 bits.
Writing bitstream ./main.bit...
INFO: [Vivado 12-1842] Bitgen Completed Successfully.
INFO: [Common 17-83] Releasing license: Implementation
144 Infos, 0 Warnings, 0 Critical Warnings and 0 Errors encountered.
write_bitstream completed successfully
write_bitstream: Time (s): cpu = 00:00:53 ; elapsed = 00:00:34 . Memory (MB): peak = 2913.852 ; gain = 525.738
INFO: [Common 17-206] Exiting Vivado at Sun Mar 29 10:51:28 2026...
